<?xml version="1.0" encoding="UTF-8"?>
<!-- Generated by org.testng.reporters.JUnitReportReporter -->
<testsuite hostname="geetesh" name="testScenario.BasicTestCase" tests="1" failures="0" timestamp="17 May 2017 19:07:49 GMT" time="14.342" errors="0">
  <testcase name="login" time="14.342" classname="testScenario.BasicTestCase"/>
</testsuite> <!-- testScenario.BasicTestCase -->
